#0 building with "default" instance using docker driver

#1 [internal] load .dockerignore
#1 transferring context: 2B done
#1 DONE 0.2s

#2 [internal] load build definition from Dockerfile
#2 transferring dockerfile: 111B done
#2 DONE 0.3s

#3 [internal] load metadata for docker.io/library/php:7.4-fpm
#3 ...

#4 [auth] library/php:pull token for registry-1.docker.io
#4 DONE 0.0s

#3 [internal] load metadata for docker.io/library/php:7.4-fpm
#3 DONE 1.2s

#5 [1/3] FROM docker.io/library/php:7.4-fpm@sha256:3ac7c8c74b2b047c7cb273469d74fc0d59b857aa44043e6ea6a0084372811d5b
#5 DONE 0.0s

#6 [internal] load build context
#6 transferring context: 55B done
#6 DONE 0.1s

#7 [2/3] WORKDIR /app
#7 CACHED

#8 [3/3] COPY index.php .
#8 DONE 0.8s

#9 exporting to image
#9 exporting layers
#9 exporting layers 0.4s done
#9 writing image sha256:9270078e8608a3eca396808083f6623bd05dfdd91d00c587a4bf64d54e6a7b18 0.0s done
#9 naming to docker.io/library/php-fpm 0.1s done
#9 DONE 0.4s
